<?xml version="1.0" encoding="UTF-8"?>
<testsuite xmlns:xsi="http://www.w3.org/2001/XMLSchema-instance" xsi:noNamespaceSchemaLocation="https://maven.apache.org/surefire/maven-surefire-plugin/xsd/surefire-test-report.xsd" name="TestSuite" time="155.96" tests="12" errors="0" skipped="0" failures="0">
  <properties>
    <property name="java.specification.version" value="17"/>
    <property name="sun.jnu.encoding" value="UTF-8"/>
    <property name="java.class.path" value="/Users/Poojitha/eclipse/XYZ_Bank/target/test-classes:/Users/Poojitha/eclipse/XYZ_Bank/target/classes:/Users/Poojitha/.m2/repository/org/seleniumhq/selenium/selenium-java/3.14.0/selenium-java-3.14.0.jar:/Users/Poojitha/.m2/repository/org/seleniumhq/selenium/selenium-api/3.14.0/selenium-api-3.14.0.jar:/Users/Poojitha/.m2/repository/org/seleniumhq/selenium/selenium-chrome-driver/3.14.0/selenium-chrome-driver-3.14.0.jar:/Users/Poojitha/.m2/repository/org/seleniumhq/selenium/selenium-edge-driver/3.14.0/selenium-edge-driver-3.14.0.jar:/Users/Poojitha/.m2/repository/org/seleniumhq/selenium/selenium-firefox-driver/3.14.0/selenium-firefox-driver-3.14.0.jar:/Users/Poojitha/.m2/repository/org/seleniumhq/selenium/selenium-ie-driver/3.14.0/selenium-ie-driver-3.14.0.jar:/Users/Poojitha/.m2/repository/org/seleniumhq/selenium/selenium-opera-driver/3.14.0/selenium-opera-driver-3.14.0.jar:/Users/Poojitha/.m2/repository/org/seleniumhq/selenium/selenium-remote-driver/3.14.0/selenium-remote-driver-3.14.0.jar:/Users/Poojitha/.m2/repository/org/seleniumhq/selenium/selenium-safari-driver/3.14.0/selenium-safari-driver-3.14.0.jar:/Users/Poojitha/.m2/repository/org/seleniumhq/selenium/selenium-support/3.14.0/selenium-support-3.14.0.jar:/Users/Poojitha/.m2/repository/net/bytebuddy/byte-buddy/1.8.15/byte-buddy-1.8.15.jar:/Users/Poojitha/.m2/repository/org/apache/commons/commons-exec/1.3/commons-exec-1.3.jar:/Users/Poojitha/.m2/repository/commons-codec/commons-codec/1.10/commons-codec-1.10.jar:/Users/Poojitha/.m2/repository/commons-logging/commons-logging/1.2/commons-logging-1.2.jar:/Users/Poojitha/.m2/repository/com/google/guava/guava/25.0-jre/guava-25.0-jre.jar:/Users/Poojitha/.m2/repository/com/google/code/findbugs/jsr305/1.3.9/jsr305-1.3.9.jar:/Users/Poojitha/.m2/repository/org/checkerframework/checker-compat-qual/2.0.0/checker-compat-qual-2.0.0.jar:/Users/Poojitha/.m2/repository/com/google/errorprone/error_prone_annotations/2.1.3/error_prone_annotations-2.1.3.jar:/Users/Poojitha/.m2/repository/com/google/j2objc/j2objc-annotations/1.1/j2objc-annotations-1.1.jar:/Users/Poojitha/.m2/repository/org/codehaus/mojo/animal-sniffer-annotations/1.14/animal-sniffer-annotations-1.14.jar:/Users/Poojitha/.m2/repository/org/apache/httpcomponents/httpclient/4.5.5/httpclient-4.5.5.jar:/Users/Poojitha/.m2/repository/org/apache/httpcomponents/httpcore/4.4.9/httpcore-4.4.9.jar:/Users/Poojitha/.m2/repository/com/squareup/okhttp3/okhttp/3.10.0/okhttp-3.10.0.jar:/Users/Poojitha/.m2/repository/com/squareup/okio/okio/1.14.1/okio-1.14.1.jar:/Users/Poojitha/.m2/repository/org/testng/testng/6.11/testng-6.11.jar:/Users/Poojitha/.m2/repository/com/beust/jcommander/1.64/jcommander-1.64.jar:/Users/Poojitha/.m2/repository/org/yaml/snakeyaml/1.17/snakeyaml-1.17.jar:/Users/Poojitha/.m2/repository/commons-io/commons-io/2.6/commons-io-2.6.jar:/Users/Poojitha/.m2/repository/org/apache/poi/poi/3.9/poi-3.9.jar:/Users/Poojitha/.m2/repository/org/apache/poi/poi-ooxml/3.9/poi-ooxml-3.9.jar:/Users/Poojitha/.m2/repository/dom4j/dom4j/1.6.1/dom4j-1.6.1.jar:/Users/Poojitha/.m2/repository/xml-apis/xml-apis/1.0.b2/xml-apis-1.0.b2.jar:/Users/Poojitha/.m2/repository/org/apache/poi/poi-ooxml-schemas/3.9/poi-ooxml-schemas-3.9.jar:/Users/Poojitha/.m2/repository/org/apache/xmlbeans/xmlbeans/2.3.0/xmlbeans-2.3.0.jar:/Users/Poojitha/.m2/repository/stax/stax-api/1.0.1/stax-api-1.0.1.jar:/Users/Poojitha/.m2/repository/org/apache/poi/poi-scratchpad/3.9/poi-scratchpad-3.9.jar:/Users/Poojitha/.m2/repository/org/apache/poi/ooxml-schemas/1.1/ooxml-schemas-1.1.jar:/Users/Poojitha/.m2/repository/org/apache/poi/openxml4j/1.0-beta/openxml4j-1.0-beta.jar:/Users/Poojitha/.m2/repository/log4j/log4j/1.2.8/log4j-1.2.8.jar:/Users/Poojitha/.m2/repository/com/relevantcodes/extentreports/2.41.2/extentreports-2.41.2.jar:/Users/Poojitha/.m2/repository/org/jsoup/jsoup/1.8.3/jsoup-1.8.3.jar:/Users/Poojitha/.m2/repository/org/xerial/sqlite-jdbc/3.8.11.1/sqlite-jdbc-3.8.11.1.jar:/Users/Poojitha/.m2/repository/org/freemarker/freemarker/2.3.23/freemarker-2.3.23.jar:/Users/Poojitha/.m2/repository/org/mongodb/mongodb-driver/3.0.4/mongodb-driver-3.0.4.jar:/Users/Poojitha/.m2/repository/org/mongodb/bson/3.0.4/bson-3.0.4.jar:/Users/Poojitha/.m2/repository/org/mongodb/mongodb-driver-core/3.0.4/mongodb-driver-core-3.0.4.jar:"/>
    <property name="java.vm.vendor" value="Eclipse Adoptium"/>
    <property name="sun.arch.data.model" value="64"/>
    <property name="java.vendor.url" value="https://adoptium.net/"/>
    <property name="os.name" value="Mac OS X"/>
    <property name="java.vm.specification.version" value="17"/>
    <property name="sun.java.launcher" value="SUN_STANDARD"/>
    <property name="user.country" value="IN"/>
    <property name="sun.boot.library.path" value="/Applications/Eclipse 2.app/Contents/Eclipse/plugins/org.eclipse.justj.openjdk.hotspot.jre.full.macosx.x86_64_17.0.3.v20220515-1416/jre/lib"/>
    <property name="sun.java.command" value="/Users/Poojitha/eclipse/XYZ_Bank/target/surefire/surefirebooter1109381795894277916.jar /Users/Poojitha/eclipse/XYZ_Bank/target/surefire 2024-03-08T17-34-13_589-jvmRun1 surefire13915698742822287965tmp surefire_015105647949028322404tmp"/>
    <property name="http.nonProxyHosts" value="local|*.local|169.254/16|*.169.254/16"/>
    <property name="jdk.debug" value="release"/>
    <property name="surefire.test.class.path" value="/Users/Poojitha/eclipse/XYZ_Bank/target/test-classes:/Users/Poojitha/eclipse/XYZ_Bank/target/classes:/Users/Poojitha/.m2/repository/org/seleniumhq/selenium/selenium-java/3.14.0/selenium-java-3.14.0.jar:/Users/Poojitha/.m2/repository/org/seleniumhq/selenium/selenium-api/3.14.0/selenium-api-3.14.0.jar:/Users/Poojitha/.m2/repository/org/seleniumhq/selenium/selenium-chrome-driver/3.14.0/selenium-chrome-driver-3.14.0.jar:/Users/Poojitha/.m2/repository/org/seleniumhq/selenium/selenium-edge-driver/3.14.0/selenium-edge-driver-3.14.0.jar:/Users/Poojitha/.m2/repository/org/seleniumhq/selenium/selenium-firefox-driver/3.14.0/selenium-firefox-driver-3.14.0.jar:/Users/Poojitha/.m2/repository/org/seleniumhq/selenium/selenium-ie-driver/3.14.0/selenium-ie-driver-3.14.0.jar:/Users/Poojitha/.m2/repository/org/seleniumhq/selenium/selenium-opera-driver/3.14.0/selenium-opera-driver-3.14.0.jar:/Users/Poojitha/.m2/repository/org/seleniumhq/selenium/selenium-remote-driver/3.14.0/selenium-remote-driver-3.14.0.jar:/Users/Poojitha/.m2/repository/org/seleniumhq/selenium/selenium-safari-driver/3.14.0/selenium-safari-driver-3.14.0.jar:/Users/Poojitha/.m2/repository/org/seleniumhq/selenium/selenium-support/3.14.0/selenium-support-3.14.0.jar:/Users/Poojitha/.m2/repository/net/bytebuddy/byte-buddy/1.8.15/byte-buddy-1.8.15.jar:/Users/Poojitha/.m2/repository/org/apache/commons/commons-exec/1.3/commons-exec-1.3.jar:/Users/Poojitha/.m2/repository/commons-codec/commons-codec/1.10/commons-codec-1.10.jar:/Users/Poojitha/.m2/repository/commons-logging/commons-logging/1.2/commons-logging-1.2.jar:/Users/Poojitha/.m2/repository/com/google/guava/guava/25.0-jre/guava-25.0-jre.jar:/Users/Poojitha/.m2/repository/com/google/code/findbugs/jsr305/1.3.9/jsr305-1.3.9.jar:/Users/Poojitha/.m2/repository/org/checkerframework/checker-compat-qual/2.0.0/checker-compat-qual-2.0.0.jar:/Users/Poojitha/.m2/repository/com/google/errorprone/error_prone_annotations/2.1.3/error_prone_annotations-2.1.3.jar:/Users/Poojitha/.m2/repository/com/google/j2objc/j2objc-annotations/1.1/j2objc-annotations-1.1.jar:/Users/Poojitha/.m2/repository/org/codehaus/mojo/animal-sniffer-annotations/1.14/animal-sniffer-annotations-1.14.jar:/Users/Poojitha/.m2/repository/org/apache/httpcomponents/httpclient/4.5.5/httpclient-4.5.5.jar:/Users/Poojitha/.m2/repository/org/apache/httpcomponents/httpcore/4.4.9/httpcore-4.4.9.jar:/Users/Poojitha/.m2/repository/com/squareup/okhttp3/okhttp/3.10.0/okhttp-3.10.0.jar:/Users/Poojitha/.m2/repository/com/squareup/okio/okio/1.14.1/okio-1.14.1.jar:/Users/Poojitha/.m2/repository/org/testng/testng/6.11/testng-6.11.jar:/Users/Poojitha/.m2/repository/com/beust/jcommander/1.64/jcommander-1.64.jar:/Users/Poojitha/.m2/repository/org/yaml/snakeyaml/1.17/snakeyaml-1.17.jar:/Users/Poojitha/.m2/repository/commons-io/commons-io/2.6/commons-io-2.6.jar:/Users/Poojitha/.m2/repository/org/apache/poi/poi/3.9/poi-3.9.jar:/Users/Poojitha/.m2/repository/org/apache/poi/poi-ooxml/3.9/poi-ooxml-3.9.jar:/Users/Poojitha/.m2/repository/dom4j/dom4j/1.6.1/dom4j-1.6.1.jar:/Users/Poojitha/.m2/repository/xml-apis/xml-apis/1.0.b2/xml-apis-1.0.b2.jar:/Users/Poojitha/.m2/repository/org/apache/poi/poi-ooxml-schemas/3.9/poi-ooxml-schemas-3.9.jar:/Users/Poojitha/.m2/repository/org/apache/xmlbeans/xmlbeans/2.3.0/xmlbeans-2.3.0.jar:/Users/Poojitha/.m2/repository/stax/stax-api/1.0.1/stax-api-1.0.1.jar:/Users/Poojitha/.m2/repository/org/apache/poi/poi-scratchpad/3.9/poi-scratchpad-3.9.jar:/Users/Poojitha/.m2/repository/org/apache/poi/ooxml-schemas/1.1/ooxml-schemas-1.1.jar:/Users/Poojitha/.m2/repository/org/apache/poi/openxml4j/1.0-beta/openxml4j-1.0-beta.jar:/Users/Poojitha/.m2/repository/log4j/log4j/1.2.8/log4j-1.2.8.jar:/Users/Poojitha/.m2/repository/com/relevantcodes/extentreports/2.41.2/extentreports-2.41.2.jar:/Users/Poojitha/.m2/repository/org/jsoup/jsoup/1.8.3/jsoup-1.8.3.jar:/Users/Poojitha/.m2/repository/org/xerial/sqlite-jdbc/3.8.11.1/sqlite-jdbc-3.8.11.1.jar:/Users/Poojitha/.m2/repository/org/freemarker/freemarker/2.3.23/freemarker-2.3.23.jar:/Users/Poojitha/.m2/repository/org/mongodb/mongodb-driver/3.0.4/mongodb-driver-3.0.4.jar:/Users/Poojitha/.m2/repository/org/mongodb/bson/3.0.4/bson-3.0.4.jar:/Users/Poojitha/.m2/repository/org/mongodb/mongodb-driver-core/3.0.4/mongodb-driver-core-3.0.4.jar:"/>
    <property name="sun.cpu.endian" value="little"/>
    <property name="user.home" value="/Users/Poojitha"/>
    <property name="user.language" value="en"/>
    <property name="java.specification.vendor" value="Oracle Corporation"/>
    <property name="java.version.date" value="2022-04-19"/>
    <property name="java.home" value="/Applications/Eclipse 2.app/Contents/Eclipse/plugins/org.eclipse.justj.openjdk.hotspot.jre.full.macosx.x86_64_17.0.3.v20220515-1416/jre"/>
    <property name="file.separator" value="/"/>
    <property name="basedir" value="/Users/Poojitha/eclipse/XYZ_Bank"/>
    <property name="java.vm.compressedOopsMode" value="Zero based"/>
    <property name="line.separator" value="&#10;"/>
    <property name="java.specification.name" value="Java Platform API Specification"/>
    <property name="java.vm.specification.vendor" value="Oracle Corporation"/>
    <property name="surefire.real.class.path" value="/Users/Poojitha/eclipse/XYZ_Bank/target/surefire/surefirebooter1109381795894277916.jar"/>
    <property name="sun.management.compiler" value="HotSpot 64-Bit Tiered Compilers"/>
    <property name="ftp.nonProxyHosts" value="local|*.local|169.254/16|*.169.254/16"/>
    <property name="java.runtime.version" value="17.0.3+7"/>
    <property name="user.name" value="Poojitha"/>
    <property name="path.separator" value=":"/>
    <property name="os.version" value="12.7.1"/>
    <property name="java.runtime.name" value="OpenJDK Runtime Environment"/>
    <property name="file.encoding" value="UTF-8"/>
    <property name="java.vm.name" value="OpenJDK 64-Bit Server VM"/>
    <property name="java.vendor.version" value="Temurin-17.0.3+7"/>
    <property name="localRepository" value="/Users/Poojitha/.m2/repository"/>
    <property name="java.vendor.url.bug" value="https://github.com/adoptium/adoptium-support/issues"/>
    <property name="java.io.tmpdir" value="/var/folders/hl/0_6c67n97wbd99fzc64f3r0c0000gn/T/"/>
    <property name="java.version" value="17.0.3"/>
    <property name="user.dir" value="/Users/Poojitha/eclipse/XYZ_Bank"/>
    <property name="os.arch" value="x86_64"/>
    <property name="java.vm.specification.name" value="Java Virtual Machine Specification"/>
    <property name="native.encoding" value="UTF-8"/>
    <property name="java.library.path" value="/Users/Poojitha/Library/Java/Extensions:/Library/Java/Extensions:/Network/Library/Java/Extensions:/System/Library/Java/Extensions:/usr/lib/java:."/>
    <property name="java.vm.info" value="mixed mode"/>
    <property name="java.vendor" value="Eclipse Adoptium"/>
    <property name="java.vm.version" value="17.0.3+7"/>
    <property name="sun.io.unicode.encoding" value="UnicodeBig"/>
    <property name="socksNonProxyHosts" value="local|*.local|169.254/16|*.169.254/16"/>
    <property name="java.class.version" value="61.0"/>
  </properties>
  <testcase name="testBankManagerLogin" classname="com.crm.qa.testcases.BankManagerNavigationPageTest" time="3.696"/>
  <testcase name="customerlogin" classname="com.crm.qa.testcases.CustomerLoginTest" time="2.416"/>
  <testcase name="AddCustomerNotExist" classname="com.crm.qa.testcases.AddCustomerPageTest" time="1.893"/>
  <testcase name="Verify_Deposit_With_ValidAmount" classname="com.crm.qa.testcases.CustomerTransactionPageTest" time="1.854"/>
  <testcase name="OpenAccount" classname="com.crm.qa.testcases.OpenAccountPageTest" time="11.641"/>
  <testcase name="VerifyDepositWithValidAmount" classname="com.crm.qa.testcases.DepositTest" time="2.783"/>
  <testcase name="DeleteCustomerEntry" classname="com.crm.qa.testcases.CustomersPageTest" time="1.242"/>
  <testcase name="VerifyWithdrawWithValidAmount" classname="com.crm.qa.testcases.WithdrawalTest" time="12.787"/>
  <testcase name="VerifyDepositWithInvalidAmount" classname="com.crm.qa.testcases.DepositTest" time="2.55"/>
  <testcase name="AddCustomerExist" classname="com.crm.qa.testcases.AddCustomerPageTest" time="3.553"/>
  <testcase name="VerifyWithdrawWithInvalidAmount" classname="com.crm.qa.testcases.WithdrawalTest" time="11.03"/>
  <testcase name="VerifyWithdrawWithInsufficientBalance" classname="com.crm.qa.testcases.WithdrawalTest" time="12.613"/>
</testsuite>