<?xml version="1.0" encoding="UTF-8"?>
<!-- Generated by org.testng.reporters.JUnitReportReporter -->
<testsuite hostname="shannus-MacBook-Pro.local" failures="0" tests="1" name="com.crm.qa.testcases.CustomerTransactionPage_Test" time="12.742" errors="0" timestamp="07 Mar 2024 13:52:30 GMT" skipped="0">
  <testcase classname="com.crm.qa.testcases.CustomerTransactionPage_Test" name="Verify_Deposit_With_ValideAmmount" time="12.742"/>
</testsuite> <!-- com.crm.qa.testcases.CustomerTransactionPage_Test -->
