<?xml version="1.0" encoding="UTF-8"?>
<!-- Generated by org.testng.reporters.JUnitReportReporter -->
<testsuite hostname="shannus-MacBook-Pro.local" failures="0" tests="2" name="com.crm.qa.testcases.AddCustomerPageTest" time="21.079" errors="0" timestamp="08 Mar 2024 10:02:03 GMT" skipped="0">
  <testcase classname="com.crm.qa.testcases.AddCustomerPageTest" name="AddCustomerNotExist" time="8.374"/>
  <testcase classname="com.crm.qa.testcases.AddCustomerPageTest" name="AddCustomerExist" time="12.705"/>
</testsuite> <!-- com.crm.qa.testcases.AddCustomerPageTest -->
