<?xml version="1.0" encoding="UTF-8"?>
<!-- Generated by org.testng.reporters.JUnitReportReporter -->
<testsuite hostname="shannus-MacBook-Pro.local" failures="0" tests="1" name="com.crm.qa.testcases.OpenAccountPage_Test" time="18.519" errors="0" timestamp="07 Mar 2024 13:52:30 GMT" skipped="0">
  <testcase classname="com.crm.qa.testcases.OpenAccountPage_Test" name="OpenAccount" time="18.519"/>
</testsuite> <!-- com.crm.qa.testcases.OpenAccountPage_Test -->
