<?xml version="1.0" encoding="UTF-8"?>
<!-- Generated by org.testng.reporters.JUnitReportReporter -->
<testsuite hostname="shannus-MacBook-Pro.local" failures="0" tests="1" name="com.crm.qa.testcases.TC003_AddNewCustomerTest" time="8.746" errors="0" timestamp="07 Mar 2024 10:14:38 GMT" skipped="0">
  <testcase classname="com.crm.qa.testcases.TC003_AddNewCustomerTest" name="verifyManagerLogin" time="8.746"/>
</testsuite> <!-- com.crm.qa.testcases.TC003_AddNewCustomerTest -->
