<?xml version="1.0" encoding="UTF-8"?>
<!-- Generated by org.testng.reporters.JUnitReportReporter -->
<testsuite hostname="shannus-MacBook-Pro.local" failures="0" tests="1" name="com.crm.qa.testcases.CustomerLoginTest" time="7.357" errors="0" timestamp="08 Mar 2024 10:02:03 GMT" skipped="0">
  <testcase classname="com.crm.qa.testcases.CustomerLoginTest" name="customerlogin" time="7.357"/>
</testsuite> <!-- com.crm.qa.testcases.CustomerLoginTest -->
