<?xml version="1.0" encoding="UTF-8"?>
<!-- Generated by org.testng.reporters.JUnitReportReporter -->
<testsuite hostname="shannus-MacBook-Pro.local" failures="0" tests="1" name="com.crm.qa.testcases.CustomerTransactionPageTest" time="8.737" errors="0" timestamp="08 Mar 2024 10:02:03 GMT" skipped="0">
  <testcase classname="com.crm.qa.testcases.CustomerTransactionPageTest" name="Verify_Deposit_With_ValideAmmount" time="8.737"/>
</testsuite> <!-- com.crm.qa.testcases.CustomerTransactionPageTest -->
