<?xml version="1.0" encoding="UTF-8"?>
<!-- Generated by org.testng.reporters.JUnitReportReporter -->
<testsuite hostname="shannus-MacBook-Pro.local" failures="0" tests="2" name="com.crm.qa.testcases.DepositTest" time="20.852" errors="0" timestamp="08 Mar 2024 10:02:03 GMT" skipped="0">
  <testcase classname="com.crm.qa.testcases.DepositTest" name="VerifyDepositWithValidAmount" time="11.154"/>
  <testcase classname="com.crm.qa.testcases.DepositTest" name="VerifyDepositWithInvalidAmount" time="9.698"/>
</testsuite> <!-- com.crm.qa.testcases.DepositTest -->
