<?xml version="1.0" encoding="UTF-8"?>
<!-- Generated by org.testng.reporters.JUnitReportReporter -->
<testsuite hostname="shannus-MacBook-Pro.local" failures="0" tests="2" name="com.crm.qa.testcases.AddCustomerPage_Test" time="19.264" errors="0" timestamp="07 Mar 2024 13:52:30 GMT" skipped="0">
  <testcase classname="com.crm.qa.testcases.AddCustomerPage_Test" name="AddCustomer_NotExist" time="8.165"/>
  <testcase classname="com.crm.qa.testcases.AddCustomerPage_Test" name="AddCustomer_Exist" time="11.099"/>
</testsuite> <!-- com.crm.qa.testcases.AddCustomerPage_Test -->
