<?xml version="1.0" encoding="UTF-8"?>
<!-- Generated by org.testng.reporters.JUnitReportReporter -->
<testsuite hostname="shannus-MacBook-Pro.local" failures="0" tests="1" name="com.crm.qa.testcases.TC001_HomepageTest" time="6.569" errors="0" timestamp="07 Mar 2024 10:03:03 GMT" skipped="0">
  <testcase classname="com.crm.qa.testcases.TC001_HomepageTest" name="homePageTest" time="6.569"/>
</testsuite> <!-- com.crm.qa.testcases.TC001_HomepageTest -->
