<?xml version="1.0" encoding="UTF-8"?>
<!-- Generated by org.testng.reporters.JUnitReportReporter -->
<testsuite hostname="shannus-MacBook-Pro.local" failures="0" tests="1" name="com.crm.qa.testcases.TC002_LoginTest" time="8.411" errors="0" timestamp="07 Mar 2024 10:10:29 GMT" skipped="0">
  <testcase classname="com.crm.qa.testcases.TC002_LoginTest" name="verifyLogin" time="8.411"/>
</testsuite> <!-- com.crm.qa.testcases.TC002_LoginTest -->
