<?xml version="1.0" encoding="UTF-8"?>
<!-- Generated by org.testng.reporters.JUnitReportReporter -->
<testsuite hostname="shannus-MacBook-Pro.local" failures="0" tests="3" name="com.crm.qa.testcases.AccountPageTest" time="59.201" errors="0" timestamp="08 Mar 2024 04:08:25 GMT" skipped="0">
  <testcase classname="com.crm.qa.testcases.AccountPageTest" name="Verify_Withdraw_With_ValideAmmount" time="20.775"/>
  <testcase classname="com.crm.qa.testcases.AccountPageTest" name="Verify_Withdraw_With_InValideAmmount" time="19.049"/>
  <testcase classname="com.crm.qa.testcases.AccountPageTest" name="Verify_Withdraw_With_InSufficient" time="19.377"/>
</testsuite> <!-- com.crm.qa.testcases.AccountPageTest -->
