<?xml version="1.0" encoding="UTF-8"?>
<!-- Generated by org.testng.reporters.JUnitReportReporter -->
<testsuite hostname="shannus-MacBook-Pro.local" failures="0" tests="5" name="com.crm.qa.testcases.AccountPage_Test" time="84.292" errors="0" timestamp="07 Mar 2024 13:52:30 GMT" skipped="0">
  <testcase classname="com.crm.qa.testcases.AccountPage_Test" name="Verify_Deposit_With_ValideAmmount" time="10.651"/>
  <testcase classname="com.crm.qa.testcases.AccountPage_Test" name="Verify_Deposit_With_InValideAmmount" time="10.383"/>
  <testcase classname="com.crm.qa.testcases.AccountPage_Test" name="Verify_Withdraw_With_ValideAmmount" time="21.249"/>
  <testcase classname="com.crm.qa.testcases.AccountPage_Test" name="Verify_Withdraw_With_InValideAmmount" time="20.313"/>
  <testcase classname="com.crm.qa.testcases.AccountPage_Test" name="Verify_Withdraw_With_InSufficient" time="21.696"/>
</testsuite> <!-- com.crm.qa.testcases.AccountPage_Test -->
