<?xml version="1.0" encoding="UTF-8"?>
<!-- Generated by org.testng.reporters.JUnitReportReporter -->
<testsuite hostname="shannus-MacBook-Pro.local" failures="0" tests="1" name="com.crm.qa.testcases.TC004_OpenNewAccountTest" time="8.526" errors="0" timestamp="07 Mar 2024 10:17:40 GMT" skipped="0">
  <testcase classname="com.crm.qa.testcases.TC004_OpenNewAccountTest" name="createAccount" time="8.526"/>
</testsuite> <!-- com.crm.qa.testcases.TC004_OpenNewAccountTest -->
