<?xml version="1.0" encoding="UTF-8"?>
<!-- Generated by org.testng.reporters.JUnitReportReporter -->
<testsuite hostname="shannus-MacBook-Pro.local" failures="0" tests="1" name="com.crm.qa.testcases.BankManagerNavigationPageTest" time="11.633" errors="0" timestamp="08 Mar 2024 12:06:50 GMT" skipped="0">
  <testcase classname="com.crm.qa.testcases.BankManagerNavigationPageTest" name="testBankManagerLogin" time="11.633"/>
</testsuite> <!-- com.crm.qa.testcases.BankManagerNavigationPageTest -->
