<?xml version="1.0" encoding="UTF-8"?>
<!-- Generated by org.testng.reporters.JUnitReportReporter -->
<testsuite hostname="shannus-MacBook-Pro.local" failures="0" tests="3" name="com.crm.qa.testcases.WithdrawalTest" time="59.441" errors="0" timestamp="08 Mar 2024 12:06:50 GMT" skipped="0">
  <testcase classname="com.crm.qa.testcases.WithdrawalTest" name="VerifyWithdrawWithValidAmount" time="21.815"/>
  <testcase classname="com.crm.qa.testcases.WithdrawalTest" name="VerifyWithdrawWithInvalidAmount" time="16.939"/>
  <testcase classname="com.crm.qa.testcases.WithdrawalTest" name="VerifyWithdrawWithInsufficientBalance" time="20.687"/>
</testsuite> <!-- com.crm.qa.testcases.WithdrawalTest -->
